[INFO  - 2017-12-26T10:06:10.224Z] GhostDriver - Main - running on port 53126
[INFO  - 2017-12-26T10:06:13.230Z] Session [67608330-ea24-11e7-b0e7-8b6ef68b199e] - page.settings - {"XSSAuditingEnabled":false,"javascriptCanCloseWindows":true,"javascriptCanOpenWindows":true,"javascriptEnabled":true,"loadImages":false,"localToRemoteUrlAccessEnabled":false,"userAgent":"Mozilla/5.0 (Windows NT 6.1) AppleWebKit/536.3 (KHTML, like Gecko) Chrome/19.0.1061.1 Safari/536.3","webSecurityEnabled":true}
[INFO  - 2017-12-26T10:06:13.230Z] Session [67608330-ea24-11e7-b0e7-8b6ef68b199e] - page.customHeaders:  - {}
[INFO  - 2017-12-26T10:06:13.230Z] Session [67608330-ea24-11e7-b0e7-8b6ef68b199e] - Session.negotiatedCapabilities - {"browserName":"phantomjs","version":"2.1.1","driverName":"ghostdriver","driverVersion":"1.2.0","platform":"windows-10-32bit","javascriptEnabled":true,"takesScreenshot":true,"handlesAlerts":false,"databaseEnabled":false,"locationContextEnabled":false,"applicationCacheEnabled":false,"browserConnectionEnabled":false,"cssSelectorsEnabled":true,"webStorageEnabled":false,"rotatable":false,"acceptSslCerts":false,"nativeEvents":true,"proxy":{"proxyType":"direct"},"phantomjs.page.settings.userAgent":"Mozilla/5.0 (Windows NT 6.1) AppleWebKit/536.3 (KHTML, like Gecko) Chrome/19.0.1061.1 Safari/536.3","phantomjs.page.settings.loadImages":false}
[INFO  - 2017-12-26T10:06:13.231Z] SessionManagerReqHand - _postNewSessionCommand - New Session Created: 67608330-ea24-11e7-b0e7-8b6ef68b199e
[ERROR - 2017-12-26T10:06:46.577Z] Session [67608330-ea24-11e7-b0e7-8b6ef68b199e] - page.onError - msg: TypeError: undefined is not an object (evaluating 'a[(b+1)%a.length].domain')

  phantomjs://platform/console++.js:263 in error
[ERROR - 2017-12-26T10:06:46.577Z] Session [67608330-ea24-11e7-b0e7-8b6ef68b199e] - page.onError - stack:
  imgOnError (undefined:1)

  phantomjs://platform/console++.js:263 in error
[ERROR - 2017-12-26T10:07:21.269Z] Session [67608330-ea24-11e7-b0e7-8b6ef68b199e] - page.onError - msg: Error: load js timeout : http://bdimg.share.baidu.com/static/api/js/share/share_api.js?v=226108fe.js

  phantomjs://platform/console++.js:263 in error
[ERROR - 2017-12-26T10:07:21.270Z] Session [67608330-ea24-11e7-b0e7-8b6ef68b199e] - page.onError - stack:
  (anonymous function) (http://bdimg.share.baidu.com/static/api/js/share.js:1)

  phantomjs://platform/console++.js:263 in error
[ERROR - 2017-12-26T10:07:21.272Z] Session [67608330-ea24-11e7-b0e7-8b6ef68b199e] - page.onError - msg: Error: load js timeout : http://bdimg.share.baidu.com/static/api/js/view/share_view.js?v=3ae6026d.js

  phantomjs://platform/console++.js:263 in error
[ERROR - 2017-12-26T10:07:21.272Z] Session [67608330-ea24-11e7-b0e7-8b6ef68b199e] - page.onError - stack:
  (anonymous function) (http://bdimg.share.baidu.com/static/api/js/share.js:1)

  phantomjs://platform/console++.js:263 in error
[ERROR - 2017-12-26T10:07:21.273Z] Session [67608330-ea24-11e7-b0e7-8b6ef68b199e] - page.onError - msg: Error: load js timeout : http://bdimg.share.baidu.com/static/api/js/share/image_api.js

  phantomjs://platform/console++.js:263 in error
[ERROR - 2017-12-26T10:07:21.274Z] Session [67608330-ea24-11e7-b0e7-8b6ef68b199e] - page.onError - stack:
  (anonymous function) (http://bdimg.share.baidu.com/static/api/js/share.js:1)

  phantomjs://platform/console++.js:263 in error
[ERROR - 2017-12-26T10:07:21.274Z] Session [67608330-ea24-11e7-b0e7-8b6ef68b199e] - page.onError - msg: Error: load js timeout : http://bdimg.share.baidu.com/static/api/js/view/image_view.js

  phantomjs://platform/console++.js:263 in error
[ERROR - 2017-12-26T10:07:21.275Z] Session [67608330-ea24-11e7-b0e7-8b6ef68b199e] - page.onError - stack:
  (anonymous function) (http://bdimg.share.baidu.com/static/api/js/share.js:1)

  phantomjs://platform/console++.js:263 in error
[ERROR - 2017-12-26T10:07:24.280Z] Session [67608330-ea24-11e7-b0e7-8b6ef68b199e] - page.onError - msg: Error: load js timeout : http://bdimg.share.baidu.com/static/api/js/trans/logger.js?v=d16ec0e3.js

  phantomjs://platform/console++.js:263 in error
[ERROR - 2017-12-26T10:07:24.280Z] Session [67608330-ea24-11e7-b0e7-8b6ef68b199e] - page.onError - stack:
  (anonymous function) (http://bdimg.share.baidu.com/static/api/js/share.js:1)

  phantomjs://platform/console++.js:263 in error
